<?xml version="1.0" encoding="UTF-8"?>
<testng-results skipped="0" failed="0" ignored="0" total="1" passed="1">
  <reporter-output>
  </reporter-output>
  <suite name="Default suite" duration-ms="14586" started-at="2019-09-19T11:11:33Z" finished-at="2019-09-19T11:11:48Z">
    <groups>
    </groups>
    <test name="Default test" duration-ms="14586" started-at="2019-09-19T11:11:33Z" finished-at="2019-09-19T11:11:48Z">
      <class name="com.test.table_demo2">
        <test-method status="PASS" signature="f()[pri:0, instance:com.test.table_demo2@3532ec19]" name="f" duration-ms="14540" started-at="2019-09-19T11:11:33Z" finished-at="2019-09-19T11:11:48Z">
          <reporter-output>
          </reporter-output>
        </test-method> <!-- f -->
      </class> <!-- com.test.table_demo2 -->
    </test> <!-- Default test -->
  </suite> <!-- Default suite -->
</testng-results>
